2021-05-25 18:03:16,242 INFO o.a.j.u.JMeterUtils: Setting Locale to en_EN
2021-05-25 18:03:16,301 INFO o.a.j.JMeter: Loading user properties from: C:\Sample_CI\apache-jmeter-5.4.1\bin\user.properties
2021-05-25 18:03:16,305 INFO o.a.j.JMeter: Loading system properties from: C:\Sample_CI\apache-jmeter-5.4.1\bin\system.properties
2021-05-25 18:03:16,356 INFO o.a.j.JMeter: Copyright (c) 1998-2021 The Apache Software Foundation
2021-05-25 18:03:16,357 INFO o.a.j.JMeter: Version 5.4.1
2021-05-25 18:03:16,357 INFO o.a.j.JMeter: java.version=15.0.2
2021-05-25 18:03:16,357 INFO o.a.j.JMeter: java.vm.name=Java HotSpot(TM) 64-Bit Server VM
2021-05-25 18:03:16,358 INFO o.a.j.JMeter: os.name=Windows 10
2021-05-25 18:03:16,360 INFO o.a.j.JMeter: os.arch=amd64
2021-05-25 18:03:16,361 INFO o.a.j.JMeter: os.version=10.0
2021-05-25 18:03:16,361 INFO o.a.j.JMeter: file.encoding=Cp1252
2021-05-25 18:03:16,361 INFO o.a.j.JMeter: java.awt.headless=true
2021-05-25 18:03:16,361 INFO o.a.j.JMeter: Max memory     =1073741824
2021-05-25 18:03:16,361 INFO o.a.j.JMeter: Available Processors =4
2021-05-25 18:03:16,384 INFO o.a.j.JMeter: Default Locale=English (EN)
2021-05-25 18:03:16,385 INFO o.a.j.JMeter: JMeter  Locale=English (EN)
2021-05-25 18:03:16,385 INFO o.a.j.JMeter: JMeterHome=C:\Sample_CI\apache-jmeter-5.4.1
2021-05-25 18:03:16,385 INFO o.a.j.JMeter: user.dir  =C:\Sample_CI
2021-05-25 18:03:16,386 INFO o.a.j.JMeter: PWD       =C:\Sample_CI
2021-05-25 18:03:16,387 INFO o.a.j.JMeter: IP: 172.16.237.213 Name: QT-UK-LT0669 FullName: QT-UK-LT0669.QUALITEST.LOCAL
2021-05-25 18:03:16,399 INFO o.a.j.s.FileServer: Default base='C:\Sample_CI'
2021-05-25 18:03:16,401 INFO o.a.j.s.FileServer: Set new base='C:\Sample_CI'
2021-05-25 18:03:16,780 INFO o.a.j.s.SaveService: Testplan (JMX) version: 2.2. Testlog (JTL) version: 2.2
2021-05-25 18:03:16,848 INFO o.a.j.s.SaveService: Using SaveService properties version 5.0
2021-05-25 18:03:16,855 INFO o.a.j.s.SaveService: Using SaveService properties file encoding UTF-8
2021-05-25 18:03:16,863 INFO o.a.j.s.SaveService: Loading file: SampleCIScript.jmx
2021-05-25 18:03:16,978 INFO o.a.j.p.h.s.HTTPSamplerBase: Parser for text/html is org.apache.jmeter.protocol.http.parser.LagartoBasedHtmlParser
2021-05-25 18:03:16,978 INFO o.a.j.p.h.s.HTTPSamplerBase: Parser for application/xhtml+xml is org.apache.jmeter.protocol.http.parser.LagartoBasedHtmlParser
2021-05-25 18:03:16,978 INFO o.a.j.p.h.s.HTTPSamplerBase: Parser for application/xml is org.apache.jmeter.protocol.http.parser.LagartoBasedHtmlParser
2021-05-25 18:03:16,980 INFO o.a.j.p.h.s.HTTPSamplerBase: Parser for text/xml is org.apache.jmeter.protocol.http.parser.LagartoBasedHtmlParser
2021-05-25 18:03:16,980 INFO o.a.j.p.h.s.HTTPSamplerBase: Parser for text/vnd.wap.wml is org.apache.jmeter.protocol.http.parser.RegexpHTMLParser
2021-05-25 18:03:16,980 INFO o.a.j.p.h.s.HTTPSamplerBase: Parser for text/css is org.apache.jmeter.protocol.http.parser.CssParser
2021-05-25 18:03:17,035 INFO o.a.j.JMeter: Creating summariser <summary>
2021-05-25 18:03:17,061 INFO o.a.j.e.StandardJMeterEngine: Running the test!
2021-05-25 18:03:17,062 INFO o.a.j.s.SampleEvent: List of sample_variables: []
2021-05-25 18:03:17,063 INFO o.a.j.s.SampleEvent: List of sample_variables: []
2021-05-25 18:03:17,074 INFO o.a.j.e.u.CompoundVariable: Note: Function class names must contain the string: '.functions.'
2021-05-25 18:03:17,074 INFO o.a.j.e.u.CompoundVariable: Note: Function class names must not contain the string: '.gui.'
2021-05-25 18:03:17,232 INFO o.a.j.JMeter: Running test (1621962197232)
2021-05-25 18:03:17,259 INFO o.a.j.e.StandardJMeterEngine: Starting ThreadGroup: 1 : Thread Group
2021-05-25 18:03:17,260 INFO o.a.j.e.StandardJMeterEngine: Starting 5 threads for group Thread Group.
2021-05-25 18:03:17,260 INFO o.a.j.e.StandardJMeterEngine: Thread will continue on error
2021-05-25 18:03:17,260 INFO o.a.j.t.ThreadGroup: Starting thread group... number=1 threads=5 ramp-up=10 delayedStart=false
2021-05-25 18:03:17,275 INFO o.a.j.t.ThreadGroup: Started thread group number 1
2021-05-25 18:03:17,275 INFO o.a.j.e.StandardJMeterEngine: All thread groups have been started
2021-05-25 18:03:17,281 INFO o.a.j.s.SampleResult: Note: Sample TimeStamps are START times
2021-05-25 18:03:17,281 INFO o.a.j.s.SampleResult: sampleresult.default.encoding is set to ISO-8859-1
2021-05-25 18:03:17,281 INFO o.a.j.s.SampleResult: sampleresult.useNanoTime=true
2021-05-25 18:03:17,282 INFO o.a.j.s.SampleResult: sampleresult.nanoThreadSleep=5000
2021-05-25 18:03:17,283 INFO o.a.j.t.JMeterThread: Thread started: Thread Group 1-1
2021-05-25 18:03:17,336 INFO o.a.j.p.h.s.HTTPHCAbstractImpl: Local host = QT-UK-LT0669
2021-05-25 18:03:17,357 INFO o.a.j.p.h.s.HTTPHC4Impl: HTTP request retry count = 0
2021-05-25 18:03:17,694 INFO o.a.j.p.h.s.h.LazyLayeredConnectionSocketFactory: Setting up HTTPS TrustAll Socket Factory
2021-05-25 18:03:17,709 INFO o.a.j.u.JsseSSLManager: Using default SSL protocol: TLS
2021-05-25 18:03:17,710 INFO o.a.j.u.JsseSSLManager: SSL session context: per-thread
2021-05-25 18:03:18,052 INFO o.a.j.u.SSLManager: JmeterKeyStore Location:  type JKS
2021-05-25 18:03:18,065 INFO o.a.j.u.SSLManager: KeyStore created OK
2021-05-25 18:03:18,066 WARN o.a.j.u.SSLManager: Keystore file not found, loading empty keystore
2021-05-25 18:03:19,275 INFO o.a.j.t.JMeterThread: Thread started: Thread Group 1-2
2021-05-25 18:03:19,390 INFO o.a.j.t.JMeterThread: Thread is done: Thread Group 1-1
2021-05-25 18:03:19,390 INFO o.a.j.t.JMeterThread: Thread finished: Thread Group 1-1
2021-05-25 18:03:19,907 INFO o.a.j.t.JMeterThread: Thread is done: Thread Group 1-2
2021-05-25 18:03:19,907 INFO o.a.j.t.JMeterThread: Thread finished: Thread Group 1-2
2021-05-25 18:03:21,274 INFO o.a.j.t.JMeterThread: Thread started: Thread Group 1-3
2021-05-25 18:03:21,874 INFO o.a.j.t.JMeterThread: Thread is done: Thread Group 1-3
2021-05-25 18:03:21,874 INFO o.a.j.t.JMeterThread: Thread finished: Thread Group 1-3
2021-05-25 18:03:23,277 INFO o.a.j.t.JMeterThread: Thread started: Thread Group 1-4
2021-05-25 18:03:23,864 INFO o.a.j.t.JMeterThread: Thread is done: Thread Group 1-4
2021-05-25 18:03:23,864 INFO o.a.j.t.JMeterThread: Thread finished: Thread Group 1-4
2021-05-25 18:03:25,271 INFO o.a.j.t.JMeterThread: Thread started: Thread Group 1-5
2021-05-25 18:03:25,864 INFO o.a.j.t.JMeterThread: Thread is done: Thread Group 1-5
2021-05-25 18:03:25,864 INFO o.a.j.t.JMeterThread: Thread finished: Thread Group 1-5
2021-05-25 18:03:25,865 INFO o.a.j.e.StandardJMeterEngine: Notifying test listeners of end of test
2021-05-25 18:03:25,867 INFO o.a.j.r.Summariser: summary =      0 in 00:00:00 = ******/s Avg:     0 Min: 9223372036854775807 Max: -9223372036854775808 Err:     0 (0.00%)
