2021-05-25 17:41:41,522 INFO o.a.j.u.JMeterUtils: Setting Locale to en_EN
2021-05-25 17:41:41,579 INFO o.a.j.JMeter: Loading user properties from: user.properties
2021-05-25 17:41:41,582 INFO o.a.j.JMeter: Loading system properties from: system.properties
2021-05-25 17:41:41,601 INFO o.a.j.JMeter: Copyright (c) 1998-2021 The Apache Software Foundation
2021-05-25 17:41:41,602 INFO o.a.j.JMeter: Version 5.4.1
2021-05-25 17:41:41,602 INFO o.a.j.JMeter: java.version=15.0.2
2021-05-25 17:41:41,602 INFO o.a.j.JMeter: java.vm.name=Java HotSpot(TM) 64-Bit Server VM
2021-05-25 17:41:41,602 INFO o.a.j.JMeter: os.name=Windows 10
2021-05-25 17:41:41,602 INFO o.a.j.JMeter: os.arch=amd64
2021-05-25 17:41:41,602 INFO o.a.j.JMeter: os.version=10.0
2021-05-25 17:41:41,602 INFO o.a.j.JMeter: file.encoding=Cp1252
2021-05-25 17:41:41,602 INFO o.a.j.JMeter: java.awt.headless=true
2021-05-25 17:41:41,602 INFO o.a.j.JMeter: Max memory     =1073741824
2021-05-25 17:41:41,602 INFO o.a.j.JMeter: Available Processors =4
2021-05-25 17:41:41,622 INFO o.a.j.JMeter: Default Locale=English (EN)
2021-05-25 17:41:41,622 INFO o.a.j.JMeter: JMeter  Locale=English (EN)
2021-05-25 17:41:41,622 INFO o.a.j.JMeter: JMeterHome=C:\Niroop Nagaraju\Performance Testing Tools\apache-jmeter-5.4.1
2021-05-25 17:41:41,623 INFO o.a.j.JMeter: user.dir  =C:\Niroop Nagaraju\Performance Testing Tools\apache-jmeter-5.4.1\bin
2021-05-25 17:41:41,623 INFO o.a.j.JMeter: PWD       =C:\Niroop Nagaraju\Performance Testing Tools\apache-jmeter-5.4.1\bin
2021-05-25 17:41:41,625 INFO o.a.j.JMeter: IP: 172.16.237.213 Name: QT-UK-LT0669 FullName: QT-UK-LT0669.QUALITEST.LOCAL
2021-05-25 17:41:41,645 INFO o.a.j.s.FileServer: Default base='C:\Niroop Nagaraju\Performance Testing Tools\apache-jmeter-5.4.1\bin'
2021-05-25 17:41:41,647 INFO o.a.j.s.FileServer: Set new base='C:\Niroop Nagaraju\Performance Testing Tools\apache-jmeter-5.4.1\bin'
2021-05-25 17:41:42,014 INFO o.a.j.s.SaveService: Testplan (JMX) version: 2.2. Testlog (JTL) version: 2.2
2021-05-25 17:41:42,058 INFO o.a.j.s.SaveService: Using SaveService properties version 5.0
2021-05-25 17:41:42,065 INFO o.a.j.s.SaveService: Using SaveService properties file encoding UTF-8
2021-05-25 17:41:42,071 INFO o.a.j.s.SaveService: Loading file: SampleCIScript.jmx
2021-05-25 17:41:42,166 INFO o.a.j.p.h.s.HTTPSamplerBase: Parser for text/html is org.apache.jmeter.protocol.http.parser.LagartoBasedHtmlParser
2021-05-25 17:41:42,166 INFO o.a.j.p.h.s.HTTPSamplerBase: Parser for application/xhtml+xml is org.apache.jmeter.protocol.http.parser.LagartoBasedHtmlParser
2021-05-25 17:41:42,167 INFO o.a.j.p.h.s.HTTPSamplerBase: Parser for application/xml is org.apache.jmeter.protocol.http.parser.LagartoBasedHtmlParser
2021-05-25 17:41:42,167 INFO o.a.j.p.h.s.HTTPSamplerBase: Parser for text/xml is org.apache.jmeter.protocol.http.parser.LagartoBasedHtmlParser
2021-05-25 17:41:42,167 INFO o.a.j.p.h.s.HTTPSamplerBase: Parser for text/vnd.wap.wml is org.apache.jmeter.protocol.http.parser.RegexpHTMLParser
2021-05-25 17:41:42,167 INFO o.a.j.p.h.s.HTTPSamplerBase: Parser for text/css is org.apache.jmeter.protocol.http.parser.CssParser
2021-05-25 17:41:42,205 INFO o.a.j.JMeter: Creating summariser <summary>
2021-05-25 17:41:42,213 INFO o.a.j.e.StandardJMeterEngine: Running the test!
2021-05-25 17:41:42,214 INFO o.a.j.s.SampleEvent: List of sample_variables: []
2021-05-25 17:41:42,214 INFO o.a.j.s.SampleEvent: List of sample_variables: []
2021-05-25 17:41:42,225 INFO o.a.j.e.u.CompoundVariable: Note: Function class names must contain the string: '.functions.'
2021-05-25 17:41:42,225 INFO o.a.j.e.u.CompoundVariable: Note: Function class names must not contain the string: '.gui.'
2021-05-25 17:41:42,351 INFO o.a.j.JMeter: Running test (1621960902351)
2021-05-25 17:41:42,384 INFO o.a.j.e.StandardJMeterEngine: Starting ThreadGroup: 1 : Thread Group
2021-05-25 17:41:42,384 INFO o.a.j.e.StandardJMeterEngine: Starting 5 threads for group Thread Group.
2021-05-25 17:41:42,384 INFO o.a.j.e.StandardJMeterEngine: Thread will continue on error
2021-05-25 17:41:42,385 INFO o.a.j.t.ThreadGroup: Starting thread group... number=1 threads=5 ramp-up=10 delayedStart=false
2021-05-25 17:41:42,396 INFO o.a.j.t.ThreadGroup: Started thread group number 1
2021-05-25 17:41:42,396 INFO o.a.j.e.StandardJMeterEngine: All thread groups have been started
2021-05-25 17:41:42,401 INFO o.a.j.s.SampleResult: Note: Sample TimeStamps are START times
2021-05-25 17:41:42,402 INFO o.a.j.s.SampleResult: sampleresult.default.encoding is set to ISO-8859-1
2021-05-25 17:41:42,402 INFO o.a.j.s.SampleResult: sampleresult.useNanoTime=true
2021-05-25 17:41:42,402 INFO o.a.j.s.SampleResult: sampleresult.nanoThreadSleep=5000
2021-05-25 17:41:42,404 INFO o.a.j.t.JMeterThread: Thread started: Thread Group 1-1
2021-05-25 17:41:42,447 INFO o.a.j.p.h.s.HTTPHCAbstractImpl: Local host = QT-UK-LT0669
2021-05-25 17:41:42,459 INFO o.a.j.p.h.s.HTTPHC4Impl: HTTP request retry count = 0
2021-05-25 17:41:42,712 INFO o.a.j.p.h.s.h.LazyLayeredConnectionSocketFactory: Setting up HTTPS TrustAll Socket Factory
2021-05-25 17:41:42,727 INFO o.a.j.u.JsseSSLManager: Using default SSL protocol: TLS
2021-05-25 17:41:42,727 INFO o.a.j.u.JsseSSLManager: SSL session context: per-thread
2021-05-25 17:41:43,057 INFO o.a.j.u.SSLManager: JmeterKeyStore Location:  type JKS
2021-05-25 17:41:43,075 INFO o.a.j.u.SSLManager: KeyStore created OK
2021-05-25 17:41:43,076 WARN o.a.j.u.SSLManager: Keystore file not found, loading empty keystore
2021-05-25 17:41:44,222 INFO o.a.j.t.JMeterThread: Thread is done: Thread Group 1-1
2021-05-25 17:41:44,222 INFO o.a.j.t.JMeterThread: Thread finished: Thread Group 1-1
2021-05-25 17:41:44,397 INFO o.a.j.t.JMeterThread: Thread started: Thread Group 1-2
2021-05-25 17:41:44,963 INFO o.a.j.t.JMeterThread: Thread is done: Thread Group 1-2
2021-05-25 17:41:44,963 INFO o.a.j.t.JMeterThread: Thread finished: Thread Group 1-2
2021-05-25 17:41:46,394 INFO o.a.j.t.JMeterThread: Thread started: Thread Group 1-3
2021-05-25 17:41:46,909 INFO o.a.j.t.JMeterThread: Thread is done: Thread Group 1-3
2021-05-25 17:41:46,909 INFO o.a.j.t.JMeterThread: Thread finished: Thread Group 1-3
2021-05-25 17:41:48,395 INFO o.a.j.t.JMeterThread: Thread started: Thread Group 1-4
2021-05-25 17:41:48,966 INFO o.a.j.t.JMeterThread: Thread is done: Thread Group 1-4
2021-05-25 17:41:48,966 INFO o.a.j.t.JMeterThread: Thread finished: Thread Group 1-4
2021-05-25 17:41:50,394 INFO o.a.j.t.JMeterThread: Thread started: Thread Group 1-5
2021-05-25 17:41:50,932 INFO o.a.j.t.JMeterThread: Thread is done: Thread Group 1-5
2021-05-25 17:41:50,932 INFO o.a.j.t.JMeterThread: Thread finished: Thread Group 1-5
2021-05-25 17:41:50,933 INFO o.a.j.e.StandardJMeterEngine: Notifying test listeners of end of test
2021-05-25 17:41:50,935 INFO o.a.j.r.Summariser: summary =      0 in 00:00:00 = ******/s Avg:     0 Min: 9223372036854775807 Max: -9223372036854775808 Err:     0 (0.00%)
